Error checking Google Calendar availability: Error: error:1E08010C:DECODER routines::unsupported
    at Sign.sign (node:internal/crypto/sig:131:29)
    at Object.sign (/app/node_modules/.pnpm/jwa@2.0.1/node_modules/jwa/index.js:166:45)
    at Object.jwsSign [as sign] (/app/node_modules/.pnpm/jws@4.0.0/node_modules/jws/lib/sign-stream.js:32:24)
    at GoogleToken.<anonymous> (/app/node_modules/.pnpm/gtoken@8.0.0/node_modules/gtoken/build/cjs/src/index.cjs:407:27)
    at Generator.<anonymous> (/app/node_modules/.pnpm/gtoken@8.0.0/node_modules/gtoken/build/cjs/src/index.cjs:36:1660)
    at Generator.next (/app/node_modules/.pnpm/gtoken@8.0.0/node_modules/gtoken/build/cjs/src/index.cjs:37:362)
    at asyncGeneratorStep (/app/node_modules/.pnpm/gtoken@8.0.0/node_modules/gtoken/build/cjs/src/index.cjs:38:70)
    at _next (/app/node_modules/.pnpm/gtoken@8.0.0/node_modules/gtoken/build/cjs/src/index.cjs:39:163)
✅ 10:00 disponible
✅ 11:00 disponible
✅ 13:00 disponible
✅ 14:00 disponible
    at /app/node_modules/.pnpm/gtoken@8.0.0/node_modules/gtoken/build/cjs/src/index.cjs:39:299
    at new Promise (<anonymous>) {
  library: 'DECODER routines',
  reason: 'unsupported',
  code: 'ERR_OSSL_UNSUPPORTED'
}
Error checking Google Calendar availability: Error: error:1E08010C:DECODER routines::unsupported
    at Sign.sign (node:internal/crypto/sig:131:29)
    at Object.sign (/app/node_modules/.pnpm/jwa@2.0.1/node_modules/jwa/index.js:166:45)
    at Object.jwsSign [as sign] (/app/node_modules/.pnpm/jws@4.0.0/node_modules/jws/lib/sign-stream.js:32:24)
    at GoogleToken.<anonymous> (/app/node_modules/.pnpm/gtoken@8.0.0/node_modules/gtoken/build/cjs/src/index.cjs:407:27)
    at Generator.<anonymous> (/app/node_modules/.pnpm/gtoken@8.0.0/node_modules/gtoken/build/cjs/src/index.cjs:36:1660)
    at Generator.next (/app/node_modules/.pnpm/gtoken@8.0.0/node_modules/gtoken/build/cjs/src/index.cjs:37:362)
    at asyncGeneratorStep (/app/node_modules/.pnpm/gtoken@8.0.0/node_modules/gtoken/build/cjs/src/index.cjs:38:70)
    at _next (/app/node_modules/.pnpm/gtoken@8.0.0/node_modules/gtoken/build/cjs/src/index.cjs:39:163)
    at /app/node_modules/.pnpm/gtoken@8.0.0/node_modules/gtoken/build/cjs/src/index.cjs:39:299
    at new Promise (<anonymous>) {
  library: 'DECODER routines',
  reason: 'unsupported',
  code: 'ERR_OSSL_UNSUPPORTED'
}
Error checking Google Calendar availability: Error: error:1E08010C:DECODER routines::unsupported
    at Sign.sign (node:internal/crypto/sig:131:29)
    at Object.sign (/app/node_modules/.pnpm/jwa@2.0.1/node_modules/jwa/index.js:166:45)
    at Object.jwsSign [as sign] (/app/node_modules/.pnpm/jws@4.0.0/node_modules/jws/lib/sign-stream.js:32:24)
    at GoogleToken.<anonymous> (/app/node_modules/.pnpm/gtoken@8.0.0/node_modules/gtoken/build/cjs/src/index.cjs:407:27)
    at Generator.<anonymous> (/app/node_modules/.pnpm/gtoken@8.0.0/node_modules/gtoken/build/cjs/src/index.cjs:36:1660)
    at Generator.next (/app/node_modules/.pnpm/gtoken@8.0.0/node_modules/gtoken/build/cjs/src/index.cjs:37:362)
    at asyncGeneratorStep (/app/node_modules/.pnpm/gtoken@8.0.0/node_modules/gtoken/build/cjs/src/index.cjs:38:70)
    at _next (/app/node_modules/.pnpm/gtoken@8.0.0/node_modules/gtoken/build/cjs/src/index.cjs:39:163)
    at /app/node_modules/.pnpm/gtoken@8.0.0/node_modules/gtoken/build/cjs/src/index.cjs:39:299
    at new Promise (<anonymous>) {
  library: 'DECODER routines',
  reason: 'unsupported',
  code: 'ERR_OSSL_UNSUPPORTED'
}
Error checking Google Calendar availability: Error: error:1E08010C:DECODER routines::unsupported
    at Sign.sign (node:internal/crypto/sig:131:29)
    at Object.sign (/app/node_modules/.pnpm/jwa@2.0.1/node_modules/jwa/index.js:166:45)
    at Object.jwsSign [as sign] (/app/node_modules/.pnpm/jws@4.0.0/node_modules/jws/lib/sign-stream.js:32:24)
    at GoogleToken.<anonymous> (/app/node_modules/.pnpm/gtoken@8.0.0/node_modules/gtoken/build/cjs/src/index.cjs:407:27)
    at Generator.<anonymous> (/app/node_modules/.pnpm/gtoken@8.0.0/node_modules/gtoken/build/cjs/src/index.cjs:36:1660)
    at Generator.next (/app/node_modules/.pnpm/gtoken@8.0.0/node_modules/gtoken/build/cjs/src/index.cjs:37:362)
    at asyncGeneratorStep (/app/node_modules/.pnpm/gtoken@8.0.0/node_modules/gtoken/build/cjs/src/index.cjs:38:70)
✅ 15:00 disponible
    at _next (/app/node_modules/.pnpm/gtoken@8.0.0/node_modules/gtoken/build/cjs/src/index.cjs:39:163)
    at /app/node_modules/.pnpm/gtoken@8.0.0/node_modules/gtoken/build/cjs/src/index.cjs:39:299
    at new Promise (<anonymous>) {
  library: 'DECODER routines',
  reason: 'unsupported',
  code: 'ERR_OSSL_UNSUPPORTED'
}
Error checking Google Calendar availability: Error: error:1E08010C:DECODER routines::unsupported
    at Sign.sign (node:internal/crypto/sig:131:29)
    at Object.sign (/app/node_modules/.pnpm/jwa@2.0.1/node_modules/jwa/index.js:166:45)
    at Object.jwsSign [as sign] (/app/node_modules/.pnpm/jws@4.0.0/node_modules/jws/lib/sign-stream.js:32:24)
    at GoogleToken.<anonymous> (/app/node_modules/.pnpm/gtoken@8.0.0/node_modules/gtoken/build/cjs/src/index.cjs:407:27)
    at Generator.<anonymous> (/app/node_modules/.pnpm/gtoken@8.0.0/node_modules/gtoken/build/cjs/src/index.cjs:36:1660)
    at Generator.next (/app/node_modules/.pnpm/gtoken@8.0.0/node_modules/gtoken/build/cjs/src/index.cjs:37:362)
    at asyncGeneratorStep (/app/node_modules/.pnpm/gtoken@8.0.0/node_modules/gtoken/build/cjs/src/index.cjs:38:70)
    at _next (/app/node_modules/.pnpm/gtoken@8.0.0/node_modules/gtoken/build/cjs/src/index.cjs:39:163)
    at /app/node_modules/.pnpm/gtoken@8.0.0/node_modules/gtoken/build/cjs/src/index.cjs:39:299
    at new Promise (<anonymous>) {
  library: 'DECODER routines',
  reason: 'unsupported',
  code: 'ERR_OSSL_UNSUPPORTED'
✅ 16:00 disponible
📋 Horarios disponibles para 2025-09-30: [
  '09:00', '10:00',
  '11:00', '13:00',
  '14:00', '15:00',
  '16:00'
}
]
✅ Disponibilidad mensual obtenida: 21 días con disponibilidad
🔌 Conexión removida del pool